<?xml version="1.0" encoding="UTF-8"?>
<!-- Generated by org.testng.reporters.JUnitReportReporter -->
<testsuite name="com.upgrade.api.ApiTest" tests="3" time="0.039" ignored="0" failures="0" timestamp="16 Sep 2019 23:20:15 GMT" skipped="0" hostname="Stevens-MacBook-Pro.local" errors="0">
  <testcase name="check_Number_Of_states" time="0.036" classname="com.upgrade.api.ApiTest"/>
  <testcase name="check_Georgia_is_only_state_with_min_Loan_amount_3005" time="0.002" classname="com.upgrade.api.ApiTest"/>
  <testcase name="check_One_State_Has_min_Age_19" time="0.001" classname="com.upgrade.api.ApiTest"/>
</testsuite> <!-- com.upgrade.api.ApiTest -->
